Arguments: 
  /usr/local/bin/node /opt/yarn-v1.22.5/bin/yarn.js add @skynextui/components

PATH: 
  /nix/store/cs15ylp5w42gcz3l1xyc879ra7rjf1d2-pid1-0.0.0-3e2acec/bin:/nix/store/22jj08nss8zvbgk52ikj09ssg6rw84rv-silver-searcher-2.2.0/bin:/nix/store/aw2a9ws5lwqxv0kz63srvkaqpcmfspg0-bash/bin:/nix/store/176gh50y24c0lx2bnnmsvf9wazb73php-coreutils-9.0/bin:/nix/store/zaamc32wijqka1mg8w2gr1f6bgvs7yyz-vscode-cpptools-dap-1.3.1/bin:/nix/store/ann2w0blx5vrc8mw1hwnvb37gry6ci9a-replit-python-dap-wrapper-1.0.0/bin:/nix/store/4ddsa52p3k2mckfi7ri6wa6ilqwaib5f-node-dap/bin:/nix/store/hhzckydwi442l85smbd512xlwp2qarxv-fluxbox/bin:/nix/store/mvw7fxm5r1pkiv9amj3jxq252z42x2jv-prybar-nodejs-0.0.0-8b3daea/bin:/nix/store/mav4251if1ahjq5vkpwycyyvnmy459c4-pulseaudio-14.2/bin:/nix/store/2py1rvdx7y7fbi0yffw7dq2bacd15605-rfbproxy-0.0.0-b81eb2f/bin:/nix/store/0b2bvviijkvq2nvm04dbq3lwlq7h742m-tigervnc-1.12.0/bin:/nix/store/dvpp9sw34l0943aa2k9xvqgkw3nc70gg-upm-0.0.0-98447b2/bin:/nix/store/7v07bmyfjq0jdnx6xwxlib05na8kksdf-xwininfo-1.1.4/bin:/nix/store/d415x7m4xrc4m2s3xmpzmav9vlqwv337-replbox/bin:/home/runner/bin:/usr/local/sbin:/usr/local/bin:/usr/sbin:/usr/bin:/sbin:/bin

Yarn version: 
  1.22.5

Node version: 
  12.22.6

Platform: 
  linux x64

Trace: 
  Error: https://registry.yarnpkg.com/@skynextui%2fcomponents: Not found
      at Request.params.callback [as _callback] (/opt/yarn-v1.22.5/lib/cli.js:66988:18)
      at Request.self.callback (/opt/yarn-v1.22.5/lib/cli.js:140749:22)
      at Request.emit (events.js:314:20)
      at Request.<anonymous> (/opt/yarn-v1.22.5/lib/cli.js:141721:10)
      at Request.emit (events.js:314:20)
      at IncomingMessage.<anonymous> (/opt/yarn-v1.22.5/lib/cli.js:141643:12)
      at Object.onceWrapper (events.js:420:28)
      at IncomingMessage.emit (events.js:326:22)
      at endReadableNT (_stream_readable.js:1241:12)
      at processTicksAndRejections (internal/process/task_queues.js:84:21)

npm manifest: 
  {
  	"name": "NotableKnownQuarks",
  	"version": "1.0.0",
  	"description": "",
  	"main": "index.js",
  	"scripts": {
  		"dev": "next dev",
  		"build": "next build",
  		"start": "next start",
  		"lint": "next lint",
  		"test": "echo \"Error: no test specified\" && exit 1"
  	},
  	"keywords": [],
  	"author": "",
  	"license": "ISC",
  	"dependencies": {
  		"next": "^12.0.8",
  		"react": "^17.0.2",
  		"react-dom": "^17.0.2",
  		"yarn": "^1.22.17"
  	}
  }

yarn manifest: 
  No manifest

Lockfile: 
  No lockfile
